[18:32:15] [ServerMain/INFO]: [bootstrap] Running Java 21 (Java HotSpot(TM) 64-Bit Server VM 21.0.3+7-LTS-152; Oracle Corporation null) on Windows 11 10.0 (amd64)
[18:32:15] [ServerMain/INFO]: [bootstrap] Loading Paper 1.21.11-72-main@cd445fd (2025-12-31T17:02:56Z) for Minecraft 1.21.11
[18:32:15] [ServerMain/INFO]: [PluginInitializerManager] Initializing plugins...
[18:32:15] [ServerMain/INFO]: [PluginInitializerManager] Initialized 0 plugins
[18:32:18] [ServerMain/INFO]: Environment: Environment[sessionHost=https://sessionserver.mojang.com, servicesHost=https://api.minecraftservices.com, profilesHost=https://api.mojang.com, name=PROD]
[18:32:19] [ServerMain/INFO]: Loaded 1470 recipes
[18:32:19] [ServerMain/INFO]: Loaded 1584 advancements
[18:32:19] [ServerMain/INFO]: [ca.spottedleaf.dataconverter.minecraft.datatypes.MCTypeRegistry] Initialising converters for DataConverter...
[18:32:20] [ServerMain/INFO]: [ca.spottedleaf.dataconverter.minecraft.datatypes.MCTypeRegistry] Finished initialising converters for DataConverter in 195.4ms
[18:32:20] [Server thread/INFO]: Starting minecraft server version 1.21.11
[18:32:20] [Server thread/INFO]: Loading properties
[18:32:20] [Server thread/INFO]: This server is running Paper version 1.21.11-72-main@cd445fd (2025-12-31T17:02:56Z) (Implementing API version 1.21.11-R0.1-SNAPSHOT)
[18:32:20] [Server thread/INFO]: [spark] This server bundles the spark profiler. For more information please visit https://docs.papermc.io/paper/profiling
[18:32:20] [Server thread/INFO]: Server Ping Player Sample Count: 12
[18:32:20] [Server thread/INFO]: Using 4 threads for Netty based IO
[18:32:20] [Server thread/INFO]: [MoonriseCommon] Paper is using 5 worker threads, 1 I/O threads
[18:32:21] [Server thread/INFO]: Default game type: SURVIVAL
[18:32:21] [Server thread/INFO]: Generating keypair
[18:32:21] [Server thread/INFO]: Starting Minecraft server on *:25565
[18:32:21] [Server thread/INFO]: Paper: Using Java compression from Velocity.
[18:32:21] [Server thread/INFO]: Paper: Using Java cipher from Velocity.
[18:32:21] [Server thread/INFO]: Server permissions file permissions.yml is empty, ignoring it
[18:32:21] [Server thread/INFO]: Preparing level "world"
[18:32:21] [Server thread/INFO]: Loading 0 persistent chunks for world 'minecraft:overworld'...
[18:32:21] [Server thread/INFO]: Prepared spawn area in 1 ms
[18:32:21] [Server thread/INFO]: Loading 0 persistent chunks for world 'minecraft:the_nether'...
[18:32:21] [Server thread/INFO]: Preparing spawn area: 100%
[18:32:21] [Server thread/INFO]: Prepared spawn area in 1 ms
[18:32:21] [Server thread/INFO]: Loading 0 persistent chunks for world 'minecraft:the_end'...
[18:32:21] [Server thread/INFO]: Prepared spawn area in 0 ms
[18:32:21] [Server thread/INFO]: Done preparing level "world" (0.330s)
[18:32:21] [Server thread/INFO]: [spark] Starting background profiler...
[18:32:21] [Server thread/INFO]: [spark] The async-profiler engine is not supported for your os/arch (windows11/amd64), so the built-in Java engine will be used instead.
[18:32:21] [Server thread/INFO]: Running delayed init tasks
[18:32:21] [Server thread/INFO]: Done (6.617s)! For help, type "help"
[18:33:00] [Server thread/INFO]: Stopping the server
[18:33:00] [Server thread/INFO]: Stopping server
[18:33:00] [Server thread/INFO]: Saving players
[18:33:00] [Server thread/INFO]: Saving worlds
[18:33:00] [Server thread/INFO]: Saving chunks for level 'ServerLevel[world]'/minecraft:overworld
[18:33:00] [Server thread/INFO]: [ChunkHolderManager] Waiting 60s for chunk system to halt for world 'world'
[18:33:00] [Server thread/INFO]: [ChunkHolderManager] Halted chunk system for world 'world'
[18:33:00] [Server thread/INFO]: [ChunkHolderManager] Saving all chunkholders for world 'world'
[18:33:00] [Server thread/INFO]: [ChunkHolderManager] Saved 0 block chunks, 0 entity chunks, 0 poi chunks in world 'world' in 0.00s
[18:33:00] [Server thread/INFO]: [ChunkHolderManager] Waiting 60s for chunk I/O to halt for world 'world'
[18:33:00] [Server thread/INFO]: [ChunkHolderManager] Halted I/O scheduler for world 'world'
[18:33:00] [Server thread/INFO]: Saving chunks for level 'ServerLevel[world_nether]'/minecraft:the_nether
[18:33:00] [Server thread/INFO]: [ChunkHolderManager] Waiting 60s for chunk system to halt for world 'world_nether'
[18:33:00] [Server thread/INFO]: [ChunkHolderManager] Halted chunk system for world 'world_nether'
[18:33:00] [Server thread/INFO]: [ChunkHolderManager] Saving all chunkholders for world 'world_nether'
[18:33:00] [Server thread/INFO]: [ChunkHolderManager] Saved 0 block chunks, 0 entity chunks, 0 poi chunks in world 'world_nether' in 0.00s
[18:33:00] [Server thread/INFO]: [ChunkHolderManager] Waiting 60s for chunk I/O to halt for world 'world_nether'
[18:33:00] [Server thread/INFO]: [ChunkHolderManager] Halted I/O scheduler for world 'world_nether'
[18:33:00] [Server thread/INFO]: Saving chunks for level 'ServerLevel[world_the_end]'/minecraft:the_end
[18:33:00] [Server thread/INFO]: [ChunkHolderManager] Waiting 60s for chunk system to halt for world 'world_the_end'
[18:33:00] [Server thread/INFO]: [ChunkHolderManager] Halted chunk system for world 'world_the_end'
[18:33:00] [Server thread/INFO]: [ChunkHolderManager] Saving all chunkholders for world 'world_the_end'
[18:33:00] [Server thread/INFO]: [ChunkHolderManager] Saved 0 block chunks, 0 entity chunks, 0 poi chunks in world 'world_the_end' in 0.00s
[18:33:00] [Server thread/INFO]: [ChunkHolderManager] Waiting 60s for chunk I/O to halt for world 'world_the_end'
[18:33:00] [Server thread/INFO]: [ChunkHolderManager] Halted I/O scheduler for world 'world_the_end'
[18:33:00] [Server thread/INFO]: ThreadedAnvilChunkStorage (world): All chunks are saved
[18:33:00] [Server thread/INFO]: ThreadedAnvilChunkStorage (DIM-1): All chunks are saved
[18:33:00] [Server thread/INFO]: ThreadedAnvilChunkStorage (DIM1): All chunks are saved
[18:33:00] [Server thread/INFO]: ThreadedAnvilChunkStorage: All dimensions are saved
[18:33:00] [Server thread/INFO]: Waiting for all RegionFile I/O tasks to complete...
[18:33:00] [Server thread/INFO]: All RegionFile I/O tasks to complete
[18:33:00] [Server thread/INFO]: [MoonriseCommon] Awaiting termination of worker pool for up to 60s...
[18:33:00] [Server thread/INFO]: [MoonriseCommon] Awaiting termination of I/O pool for up to 60s...
